\BOOKMARK [1][-]{section.1}{Vectors and Vector Space Coordinates}{}% 1
\BOOKMARK [2][-]{subsection.1.1}{Vector Notation}{section.1}% 2
\BOOKMARK [2][-]{subsection.1.2}{Orthogonal vs Orthonormal}{section.1}% 3
\BOOKMARK [2][-]{subsection.1.3}{N-dimensional coordinate change}{section.1}% 4
\BOOKMARK [1][-]{section.2}{Introduction to Fourier Series}{}% 5
\BOOKMARK [2][-]{subsection.2.1}{Dirac Delta Function}{section.2}% 6
\BOOKMARK [2][-]{subsection.2.2}{Discrete Fourier Transform Derivation}{section.2}% 7
\BOOKMARK [2][-]{subsection.2.3}{Discrete Transform and Inverse Transform}{section.2}% 8
\BOOKMARK [1][-]{section.3}{Coefficients of Complex Fourier Series}{}% 9
\BOOKMARK [2][-]{subsection.3.1}{Fourier Transforms}{section.3}% 10
\BOOKMARK [1][-]{section.4}{Intro to Systems}{}% 11
\BOOKMARK [2][-]{subsection.4.1}{L.T.I. Game}{section.4}% 12
\BOOKMARK [1][-]{section.5}{Intro to A/D Conversion}{}% 13
\BOOKMARK [1][-]{section.6}{Processing and Reconstructing a Signal}{}% 14
\BOOKMARK [2][-]{subsection.6.1}{FIR Filter}{section.6}% 15
\BOOKMARK [2][-]{subsection.6.2}{Real Time Filtering}{section.6}% 16
\BOOKMARK [2][-]{subsection.6.3}{Reconstruction with the DAC}{section.6}% 17
\BOOKMARK [1][-]{section.7}{Leakage}{}% 18
\BOOKMARK [2][-]{subsection.7.1}{Zero Padding}{section.7}% 19
\BOOKMARK [2][-]{subsection.7.2}{Windowing}{section.7}% 20
\BOOKMARK [2][-]{subsection.7.3}{Shifting Up}{section.7}% 21
\BOOKMARK [2][-]{subsection.7.4}{Shifting Down}{section.7}% 22
\BOOKMARK [1][-]{section.8}{Single Side-Band Transmission}{}% 23
